<?xml version="1.0" encoding="UTF-8"?>
<testsuite xmlns:xsi="http://www.w3.org/2001/XMLSchema-instance" xsi:noNamespaceSchemaLocation="https://maven.apache.org/surefire/maven-surefire-plugin/xsd/surefire-test-report.xsd" version="3.0.2" name="TestSuite" time="12.683" tests="1" errors="0" skipped="0" failures="1">
  <properties>
    <property name="java.specification.version" value="23"/>
    <property name="sun.cpu.isalist" value="amd64"/>
    <property name="sun.jnu.encoding" value="Cp1252"/>
    <property name="java.class.path" value="C:\SowmyaWorkspace\Ecommercesite_Opencart\target\test-classes;C:\SowmyaWorkspace\Ecommercesite_Opencart\target\classes;C:\Users\jaswa\.m2\repository\org\testng\testng\7.10.2\testng-7.10.2.jar;C:\Users\jaswa\.m2\repository\org\slf4j\slf4j-api\1.7.36\slf4j-api-1.7.36.jar;C:\Users\jaswa\.m2\repository\com\beust\jcommander\1.82\jcommander-1.82.jar;C:\Users\jaswa\.m2\repository\org\webjars\jquery\3.7.1\jquery-3.7.1.jar;C:\Users\jaswa\.m2\repository\org\seleniumhq\selenium\selenium-java\4.27.0\selenium-java-4.27.0.jar;C:\Users\jaswa\.m2\repository\org\seleniumhq\selenium\selenium-api\4.27.0\selenium-api-4.27.0.jar;C:\Users\jaswa\.m2\repository\org\jspecify\jspecify\1.0.0\jspecify-1.0.0.jar;C:\Users\jaswa\.m2\repository\org\seleniumhq\selenium\selenium-chrome-driver\4.27.0\selenium-chrome-driver-4.27.0.jar;C:\Users\jaswa\.m2\repository\com\google\auto\service\auto-service-annotations\1.1.1\auto-service-annotations-1.1.1.jar;C:\Users\jaswa\.m2\repository\org\seleniumhq\selenium\selenium-chromium-driver\4.27.0\selenium-chromium-driver-4.27.0.jar;C:\Users\jaswa\.m2\repository\org\seleniumhq\selenium\selenium-json\4.27.0\selenium-json-4.27.0.jar;C:\Users\jaswa\.m2\repository\org\seleniumhq\selenium\selenium-manager\4.27.0\selenium-manager-4.27.0.jar;C:\Users\jaswa\.m2\repository\org\seleniumhq\selenium\selenium-devtools-v129\4.27.0\selenium-devtools-v129-4.27.0.jar;C:\Users\jaswa\.m2\repository\org\seleniumhq\selenium\selenium-devtools-v130\4.27.0\selenium-devtools-v130-4.27.0.jar;C:\Users\jaswa\.m2\repository\org\seleniumhq\selenium\selenium-devtools-v131\4.27.0\selenium-devtools-v131-4.27.0.jar;C:\Users\jaswa\.m2\repository\org\seleniumhq\selenium\selenium-devtools-v85\4.27.0\selenium-devtools-v85-4.27.0.jar;C:\Users\jaswa\.m2\repository\org\seleniumhq\selenium\selenium-edge-driver\4.27.0\selenium-edge-driver-4.27.0.jar;C:\Users\jaswa\.m2\repository\org\seleniumhq\selenium\selenium-firefox-driver\4.27.0\selenium-firefox-driver-4.27.0.jar;C:\Users\jaswa\.m2\repository\org\seleniumhq\selenium\selenium-http\4.27.0\selenium-http-4.27.0.jar;C:\Users\jaswa\.m2\repository\dev\failsafe\failsafe\3.3.2\failsafe-3.3.2.jar;C:\Users\jaswa\.m2\repository\org\seleniumhq\selenium\selenium-ie-driver\4.27.0\selenium-ie-driver-4.27.0.jar;C:\Users\jaswa\.m2\repository\org\seleniumhq\selenium\selenium-remote-driver\4.27.0\selenium-remote-driver-4.27.0.jar;C:\Users\jaswa\.m2\repository\com\google\guava\guava\33.3.1-jre\guava-33.3.1-jre.jar;C:\Users\jaswa\.m2\repository\com\google\guava\failureaccess\1.0.2\failureaccess-1.0.2.jar;C:\Users\jaswa\.m2\repository\com\google\guava\listenablefuture\9999.0-empty-to-avoid-conflict-with-guava\listenablefuture-9999.0-empty-to-avoid-conflict-with-guava.jar;C:\Users\jaswa\.m2\repository\com\google\code\findbugs\jsr305\3.0.2\jsr305-3.0.2.jar;C:\Users\jaswa\.m2\repository\org\checkerframework\checker-qual\3.43.0\checker-qual-3.43.0.jar;C:\Users\jaswa\.m2\repository\com\google\errorprone\error_prone_annotations\2.28.0\error_prone_annotations-2.28.0.jar;C:\Users\jaswa\.m2\repository\com\google\j2objc\j2objc-annotations\3.0.0\j2objc-annotations-3.0.0.jar;C:\Users\jaswa\.m2\repository\io\opentelemetry\semconv\opentelemetry-semconv\1.25.0-alpha\opentelemetry-semconv-1.25.0-alpha.jar;C:\Users\jaswa\.m2\repository\io\opentelemetry\opentelemetry-api\1.44.1\opentelemetry-api-1.44.1.jar;C:\Users\jaswa\.m2\repository\io\opentelemetry\opentelemetry-context\1.44.1\opentelemetry-context-1.44.1.jar;C:\Users\jaswa\.m2\repository\io\opentelemetry\opentelemetry-exporter-logging\1.44.1\opentelemetry-exporter-logging-1.44.1.jar;C:\Users\jaswa\.m2\repository\io\opentelemetry\opentelemetry-sdk-common\1.44.1\opentelemetry-sdk-common-1.44.1.jar;C:\Users\jaswa\.m2\repository\io\opentelemetry\opentelemetry-sdk-extension-autoconfigure-spi\1.44.1\opentelemetry-sdk-extension-autoconfigure-spi-1.44.1.jar;C:\Users\jaswa\.m2\repository\io\opentelemetry\opentelemetry-sdk-extension-autoconfigure\1.44.1\opentelemetry-sdk-extension-autoconfigure-1.44.1.jar;C:\Users\jaswa\.m2\repository\io\opentelemetry\opentelemetry-api-incubator\1.44.1-alpha\opentelemetry-api-incubator-1.44.1-alpha.jar;C:\Users\jaswa\.m2\repository\io\opentelemetry\opentelemetry-sdk-trace\1.44.1\opentelemetry-sdk-trace-1.44.1.jar;C:\Users\jaswa\.m2\repository\io\opentelemetry\opentelemetry-sdk\1.44.1\opentelemetry-sdk-1.44.1.jar;C:\Users\jaswa\.m2\repository\io\opentelemetry\opentelemetry-sdk-metrics\1.44.1\opentelemetry-sdk-metrics-1.44.1.jar;C:\Users\jaswa\.m2\repository\io\opentelemetry\opentelemetry-sdk-logs\1.44.1\opentelemetry-sdk-logs-1.44.1.jar;C:\Users\jaswa\.m2\repository\net\bytebuddy\byte-buddy\1.15.10\byte-buddy-1.15.10.jar;C:\Users\jaswa\.m2\repository\org\seleniumhq\selenium\selenium-os\4.27.0\selenium-os-4.27.0.jar;C:\Users\jaswa\.m2\repository\org\apache\commons\commons-exec\1.4.0\commons-exec-1.4.0.jar;C:\Users\jaswa\.m2\repository\org\seleniumhq\selenium\selenium-safari-driver\4.27.0\selenium-safari-driver-4.27.0.jar;C:\Users\jaswa\.m2\repository\org\seleniumhq\selenium\selenium-support\4.27.0\selenium-support-4.27.0.jar;C:\Users\jaswa\.m2\repository\org\apache\logging\log4j\log4j-core\2.24.3\log4j-core-2.24.3.jar;C:\Users\jaswa\.m2\repository\org\apache\logging\log4j\log4j-api\2.24.3\log4j-api-2.24.3.jar;C:\Users\jaswa\.m2\repository\com\aventstack\extentreports\5.0.9\extentreports-5.0.9.jar;C:\Users\jaswa\.m2\repository\io\reactivex\rxjava3\rxjava\3.0.4\rxjava-3.0.4.jar;C:\Users\jaswa\.m2\repository\org\reactivestreams\reactive-streams\1.0.3\reactive-streams-1.0.3.jar;C:\Users\jaswa\.m2\repository\org\freemarker\freemarker\2.3.30\freemarker-2.3.30.jar;C:\Users\jaswa\.m2\repository\org\projectlombok\lombok\1.18.12\lombok-1.18.12.jar;C:\Users\jaswa\.m2\repository\com\google\code\gson\gson\2.8.6\gson-2.8.6.jar;C:\Users\jaswa\.m2\repository\org\apache\poi\poi\5.3.0\poi-5.3.0.jar;C:\Users\jaswa\.m2\repository\commons-codec\commons-codec\1.17.0\commons-codec-1.17.0.jar;C:\Users\jaswa\.m2\repository\org\apache\commons\commons-collections4\4.4\commons-collections4-4.4.jar;C:\Users\jaswa\.m2\repository\org\apache\commons\commons-math3\3.6.1\commons-math3-3.6.1.jar;C:\Users\jaswa\.m2\repository\com\zaxxer\SparseBitSet\1.3\SparseBitSet-1.3.jar;C:\Users\jaswa\.m2\repository\org\apache\poi\poi-ooxml\5.3.0\poi-ooxml-5.3.0.jar;C:\Users\jaswa\.m2\repository\org\apache\poi\poi-ooxml-lite\5.3.0\poi-ooxml-lite-5.3.0.jar;C:\Users\jaswa\.m2\repository\org\apache\xmlbeans\xmlbeans\5.2.1\xmlbeans-5.2.1.jar;C:\Users\jaswa\.m2\repository\org\apache\commons\commons-compress\1.26.2\commons-compress-1.26.2.jar;C:\Users\jaswa\.m2\repository\com\github\virtuald\curvesapi\1.08\curvesapi-1.08.jar;C:\Users\jaswa\.m2\repository\commons-io\commons-io\2.18.0\commons-io-2.18.0.jar;C:\Users\jaswa\.m2\repository\org\apache\commons\commons-lang3\3.17.0\commons-lang3-3.17.0.jar;C:\Users\jaswa\.m2\repository\org\apache\logging\log4j\log4j-slf4j-impl\2.24.3\log4j-slf4j-impl-2.24.3.jar;"/>
    <property name="java.vm.vendor" value="Oracle Corporation"/>
    <property name="sun.arch.data.model" value="64"/>
    <property name="user.variant" value=""/>
    <property name="java.vendor.url" value="https://java.oracle.com/"/>
    <property name="user.timezone" value="America/New_York"/>
    <property name="os.name" value="Windows 10"/>
    <property name="java.vm.specification.version" value="23"/>
    <property name="sun.java.launcher" value="SUN_STANDARD"/>
    <property name="user.country" value="US"/>
    <property name="sun.boot.library.path" value="C:\Program Files\Java\jdk-23\bin"/>
    <property name="sun.java.command" value="C:\Users\jaswa\AppData\Local\Temp\surefire6759430551790034025\surefirebooter-20250102155004506_3.jar C:\Users\jaswa\AppData\Local\Temp\surefire6759430551790034025 2025-01-02T15-50-04_220-jvmRun1 surefire-20250102155004506_1tmp surefire_0-20250102155004506_2tmp"/>
    <property name="jdk.debug" value="release"/>
    <property name="surefire.test.class.path" value="C:\SowmyaWorkspace\Ecommercesite_Opencart\target\test-classes;C:\SowmyaWorkspace\Ecommercesite_Opencart\target\classes;C:\Users\jaswa\.m2\repository\org\testng\testng\7.10.2\testng-7.10.2.jar;C:\Users\jaswa\.m2\repository\org\slf4j\slf4j-api\1.7.36\slf4j-api-1.7.36.jar;C:\Users\jaswa\.m2\repository\com\beust\jcommander\1.82\jcommander-1.82.jar;C:\Users\jaswa\.m2\repository\org\webjars\jquery\3.7.1\jquery-3.7.1.jar;C:\Users\jaswa\.m2\repository\org\seleniumhq\selenium\selenium-java\4.27.0\selenium-java-4.27.0.jar;C:\Users\jaswa\.m2\repository\org\seleniumhq\selenium\selenium-api\4.27.0\selenium-api-4.27.0.jar;C:\Users\jaswa\.m2\repository\org\jspecify\jspecify\1.0.0\jspecify-1.0.0.jar;C:\Users\jaswa\.m2\repository\org\seleniumhq\selenium\selenium-chrome-driver\4.27.0\selenium-chrome-driver-4.27.0.jar;C:\Users\jaswa\.m2\repository\com\google\auto\service\auto-service-annotations\1.1.1\auto-service-annotations-1.1.1.jar;C:\Users\jaswa\.m2\repository\org\seleniumhq\selenium\selenium-chromium-driver\4.27.0\selenium-chromium-driver-4.27.0.jar;C:\Users\jaswa\.m2\repository\org\seleniumhq\selenium\selenium-json\4.27.0\selenium-json-4.27.0.jar;C:\Users\jaswa\.m2\repository\org\seleniumhq\selenium\selenium-manager\4.27.0\selenium-manager-4.27.0.jar;C:\Users\jaswa\.m2\repository\org\seleniumhq\selenium\selenium-devtools-v129\4.27.0\selenium-devtools-v129-4.27.0.jar;C:\Users\jaswa\.m2\repository\org\seleniumhq\selenium\selenium-devtools-v130\4.27.0\selenium-devtools-v130-4.27.0.jar;C:\Users\jaswa\.m2\repository\org\seleniumhq\selenium\selenium-devtools-v131\4.27.0\selenium-devtools-v131-4.27.0.jar;C:\Users\jaswa\.m2\repository\org\seleniumhq\selenium\selenium-devtools-v85\4.27.0\selenium-devtools-v85-4.27.0.jar;C:\Users\jaswa\.m2\repository\org\seleniumhq\selenium\selenium-edge-driver\4.27.0\selenium-edge-driver-4.27.0.jar;C:\Users\jaswa\.m2\repository\org\seleniumhq\selenium\selenium-firefox-driver\4.27.0\selenium-firefox-driver-4.27.0.jar;C:\Users\jaswa\.m2\repository\org\seleniumhq\selenium\selenium-http\4.27.0\selenium-http-4.27.0.jar;C:\Users\jaswa\.m2\repository\dev\failsafe\failsafe\3.3.2\failsafe-3.3.2.jar;C:\Users\jaswa\.m2\repository\org\seleniumhq\selenium\selenium-ie-driver\4.27.0\selenium-ie-driver-4.27.0.jar;C:\Users\jaswa\.m2\repository\org\seleniumhq\selenium\selenium-remote-driver\4.27.0\selenium-remote-driver-4.27.0.jar;C:\Users\jaswa\.m2\repository\com\google\guava\guava\33.3.1-jre\guava-33.3.1-jre.jar;C:\Users\jaswa\.m2\repository\com\google\guava\failureaccess\1.0.2\failureaccess-1.0.2.jar;C:\Users\jaswa\.m2\repository\com\google\guava\listenablefuture\9999.0-empty-to-avoid-conflict-with-guava\listenablefuture-9999.0-empty-to-avoid-conflict-with-guava.jar;C:\Users\jaswa\.m2\repository\com\google\code\findbugs\jsr305\3.0.2\jsr305-3.0.2.jar;C:\Users\jaswa\.m2\repository\org\checkerframework\checker-qual\3.43.0\checker-qual-3.43.0.jar;C:\Users\jaswa\.m2\repository\com\google\errorprone\error_prone_annotations\2.28.0\error_prone_annotations-2.28.0.jar;C:\Users\jaswa\.m2\repository\com\google\j2objc\j2objc-annotations\3.0.0\j2objc-annotations-3.0.0.jar;C:\Users\jaswa\.m2\repository\io\opentelemetry\semconv\opentelemetry-semconv\1.25.0-alpha\opentelemetry-semconv-1.25.0-alpha.jar;C:\Users\jaswa\.m2\repository\io\opentelemetry\opentelemetry-api\1.44.1\opentelemetry-api-1.44.1.jar;C:\Users\jaswa\.m2\repository\io\opentelemetry\opentelemetry-context\1.44.1\opentelemetry-context-1.44.1.jar;C:\Users\jaswa\.m2\repository\io\opentelemetry\opentelemetry-exporter-logging\1.44.1\opentelemetry-exporter-logging-1.44.1.jar;C:\Users\jaswa\.m2\repository\io\opentelemetry\opentelemetry-sdk-common\1.44.1\opentelemetry-sdk-common-1.44.1.jar;C:\Users\jaswa\.m2\repository\io\opentelemetry\opentelemetry-sdk-extension-autoconfigure-spi\1.44.1\opentelemetry-sdk-extension-autoconfigure-spi-1.44.1.jar;C:\Users\jaswa\.m2\repository\io\opentelemetry\opentelemetry-sdk-extension-autoconfigure\1.44.1\opentelemetry-sdk-extension-autoconfigure-1.44.1.jar;C:\Users\jaswa\.m2\repository\io\opentelemetry\opentelemetry-api-incubator\1.44.1-alpha\opentelemetry-api-incubator-1.44.1-alpha.jar;C:\Users\jaswa\.m2\repository\io\opentelemetry\opentelemetry-sdk-trace\1.44.1\opentelemetry-sdk-trace-1.44.1.jar;C:\Users\jaswa\.m2\repository\io\opentelemetry\opentelemetry-sdk\1.44.1\opentelemetry-sdk-1.44.1.jar;C:\Users\jaswa\.m2\repository\io\opentelemetry\opentelemetry-sdk-metrics\1.44.1\opentelemetry-sdk-metrics-1.44.1.jar;C:\Users\jaswa\.m2\repository\io\opentelemetry\opentelemetry-sdk-logs\1.44.1\opentelemetry-sdk-logs-1.44.1.jar;C:\Users\jaswa\.m2\repository\net\bytebuddy\byte-buddy\1.15.10\byte-buddy-1.15.10.jar;C:\Users\jaswa\.m2\repository\org\seleniumhq\selenium\selenium-os\4.27.0\selenium-os-4.27.0.jar;C:\Users\jaswa\.m2\repository\org\apache\commons\commons-exec\1.4.0\commons-exec-1.4.0.jar;C:\Users\jaswa\.m2\repository\org\seleniumhq\selenium\selenium-safari-driver\4.27.0\selenium-safari-driver-4.27.0.jar;C:\Users\jaswa\.m2\repository\org\seleniumhq\selenium\selenium-support\4.27.0\selenium-support-4.27.0.jar;C:\Users\jaswa\.m2\repository\org\apache\logging\log4j\log4j-core\2.24.3\log4j-core-2.24.3.jar;C:\Users\jaswa\.m2\repository\org\apache\logging\log4j\log4j-api\2.24.3\log4j-api-2.24.3.jar;C:\Users\jaswa\.m2\repository\com\aventstack\extentreports\5.0.9\extentreports-5.0.9.jar;C:\Users\jaswa\.m2\repository\io\reactivex\rxjava3\rxjava\3.0.4\rxjava-3.0.4.jar;C:\Users\jaswa\.m2\repository\org\reactivestreams\reactive-streams\1.0.3\reactive-streams-1.0.3.jar;C:\Users\jaswa\.m2\repository\org\freemarker\freemarker\2.3.30\freemarker-2.3.30.jar;C:\Users\jaswa\.m2\repository\org\projectlombok\lombok\1.18.12\lombok-1.18.12.jar;C:\Users\jaswa\.m2\repository\com\google\code\gson\gson\2.8.6\gson-2.8.6.jar;C:\Users\jaswa\.m2\repository\org\apache\poi\poi\5.3.0\poi-5.3.0.jar;C:\Users\jaswa\.m2\repository\commons-codec\commons-codec\1.17.0\commons-codec-1.17.0.jar;C:\Users\jaswa\.m2\repository\org\apache\commons\commons-collections4\4.4\commons-collections4-4.4.jar;C:\Users\jaswa\.m2\repository\org\apache\commons\commons-math3\3.6.1\commons-math3-3.6.1.jar;C:\Users\jaswa\.m2\repository\com\zaxxer\SparseBitSet\1.3\SparseBitSet-1.3.jar;C:\Users\jaswa\.m2\repository\org\apache\poi\poi-ooxml\5.3.0\poi-ooxml-5.3.0.jar;C:\Users\jaswa\.m2\repository\org\apache\poi\poi-ooxml-lite\5.3.0\poi-ooxml-lite-5.3.0.jar;C:\Users\jaswa\.m2\repository\org\apache\xmlbeans\xmlbeans\5.2.1\xmlbeans-5.2.1.jar;C:\Users\jaswa\.m2\repository\org\apache\commons\commons-compress\1.26.2\commons-compress-1.26.2.jar;C:\Users\jaswa\.m2\repository\com\github\virtuald\curvesapi\1.08\curvesapi-1.08.jar;C:\Users\jaswa\.m2\repository\commons-io\commons-io\2.18.0\commons-io-2.18.0.jar;C:\Users\jaswa\.m2\repository\org\apache\commons\commons-lang3\3.17.0\commons-lang3-3.17.0.jar;C:\Users\jaswa\.m2\repository\org\apache\logging\log4j\log4j-slf4j-impl\2.24.3\log4j-slf4j-impl-2.24.3.jar;"/>
    <property name="sun.cpu.endian" value="little"/>
    <property name="user.home" value="C:\Users\jaswa"/>
    <property name="user.language" value="en"/>
    <property name="java.specification.vendor" value="Oracle Corporation"/>
    <property name="java.version.date" value="2024-10-15"/>
    <property name="java.home" value="C:\Program Files\Java\jdk-23"/>
    <property name="file.separator" value="\"/>
    <property name="basedir" value="C:\SowmyaWorkspace\Ecommercesite_Opencart"/>
    <property name="java.vm.compressedOopsMode" value="32-bit"/>
    <property name="line.separator" value="&#10;"/>
    <property name="java.vm.specification.vendor" value="Oracle Corporation"/>
    <property name="java.specification.name" value="Java Platform API Specification"/>
    <property name="surefire.real.class.path" value="C:\Users\jaswa\AppData\Local\Temp\surefire6759430551790034025\surefirebooter-20250102155004506_3.jar"/>
    <property name="user.script" value=""/>
    <property name="sun.management.compiler" value="HotSpot 64-Bit Tiered Compilers"/>
    <property name="java.runtime.version" value="23.0.1+11-39"/>
    <property name="user.name" value="jaswa"/>
    <property name="stdout.encoding" value="Cp1252"/>
    <property name="path.separator" value=";"/>
    <property name="os.version" value="10.0"/>
    <property name="java.runtime.name" value="Java(TM) SE Runtime Environment"/>
    <property name="file.encoding" value="UTF-8"/>
    <property name="java.vm.name" value="Java HotSpot(TM) 64-Bit Server VM"/>
    <property name="localRepository" value="C:\Users\jaswa\.m2\repository"/>
    <property name="java.vendor.url.bug" value="https://bugreport.java.com/bugreport/"/>
    <property name="java.io.tmpdir" value="C:\Users\jaswa\AppData\Local\Temp\"/>
    <property name="java.version" value="23.0.1"/>
    <property name="user.dir" value="C:\SowmyaWorkspace\Ecommercesite_Opencart"/>
    <property name="os.arch" value="amd64"/>
    <property name="java.vm.specification.name" value="Java Virtual Machine Specification"/>
    <property name="sun.os.patch.level" value=""/>
    <property name="native.encoding" value="Cp1252"/>
    <property name="java.library.path" value="C:\Program Files\Java\jdk-23\bin;C:\WINDOWS\Sun\Java\bin;C:\WINDOWS\system32;C:\WINDOWS;C:\Program Files\Common Files\Oracle\Java\javapath;C:\WINDOWS\system32;C:\WINDOWS;C:\WINDOWS\System32\Wbem;C:\WINDOWS\System32\WindowsPowerShell\v1.0\;C:\WINDOWS\System32\OpenSSH\;C:\Program Files\Java\jdk-23\bin;C:\Program Files\PuTTY\;C:\Program Files\apache-maven-3.9.9-bin\apache-maven-3.9.9\bin;C:\Users\jaswa\AppData\Local\Microsoft\WindowsApps;;."/>
    <property name="java.vm.info" value="mixed mode, sharing"/>
    <property name="stderr.encoding" value="Cp1252"/>
    <property name="java.vendor" value="Oracle Corporation"/>
    <property name="java.vm.version" value="23.0.1+11-39"/>
    <property name="sun.io.unicode.encoding" value="UnicodeLittle"/>
    <property name="java.class.version" value="67.0"/>
  </properties>
  <testcase name="Verify_loginDDT" classname="testCases.Tc3_LoginDDT" time="12.149">
    <failure message="&#10;Method public void testCases.Tc3_LoginDDT.Verify_loginDDT(java.lang.String,java.lang.String,java.lang.String) requires a @DataProvider named : logindata in class utilities.DataProviders" type="org.testng.TestNGException"><![CDATA[org.testng.TestNGException: 

Method public void testCases.Tc3_LoginDDT.Verify_loginDDT(java.lang.String,java.lang.String,java.lang.String) requires a @DataProvider named : logindata in class utilities.DataProviders
	at org.testng.internal.Parameters.findDataProvider(Parameters.java:532)
	at org.testng.internal.Parameters.handleParameters(Parameters.java:769)
	at org.testng.internal.Parameters.handleParameters(Parameters.java:734)
	at org.testng.internal.invokers.ParameterHandler.handleParameters(ParameterHandler.java:72)
	at org.testng.internal.invokers.ParameterHandler.createParameters(ParameterHandler.java:51)
	at org.testng.internal.invokers.TestInvoker$MethodInvocationAgent.invoke(TestInvoker.java:946)
	at org.testng.internal.invokers.TestInvoker.invokeTestMethods(TestInvoker.java:203)
	at org.testng.internal.invokers.TestMethodWorker.invokeTestMethods(TestMethodWorker.java:154)
	at org.testng.internal.invokers.TestMethodWorker.run(TestMethodWorker.java:134)
	at java.base/java.util.ArrayList.forEach(ArrayList.java:1597)
	at org.testng.TestRunner.privateRun(TestRunner.java:739)
	at org.testng.TestRunner.run(TestRunner.java:614)
	at org.testng.SuiteRunner.runTest(SuiteRunner.java:421)
	at org.testng.SuiteRunner.runSequentially(SuiteRunner.java:413)
	at org.testng.SuiteRunner.privateRun(SuiteRunner.java:373)
	at org.testng.SuiteRunner.run(SuiteRunner.java:312)
	at org.testng.SuiteRunnerWorker.runSuite(SuiteRunnerWorker.java:52)
	at org.testng.SuiteRunnerWorker.run(SuiteRunnerWorker.java:95)
	at org.testng.TestNG.runSuitesSequentially(TestNG.java:1274)
	at org.testng.TestNG.runSuitesLocally(TestNG.java:1208)
	at org.testng.TestNG.runSuites(TestNG.java:1112)
	at org.testng.TestNG.run(TestNG.java:1079)
	at org.apache.maven.surefire.testng.TestNGExecutor.run(TestNGExecutor.java:308)
	at org.apache.maven.surefire.testng.TestNGXmlTestSuite.execute(TestNGXmlTestSuite.java:71)
	at org.apache.maven.surefire.testng.TestNGProvider.invoke(TestNGProvider.java:113)
	at org.apache.maven.surefire.booter.ForkedBooter.runSuitesInProcess(ForkedBooter.java:385)
	at org.apache.maven.surefire.booter.ForkedBooter.execute(ForkedBooter.java:162)
	at org.apache.maven.surefire.booter.ForkedBooter.run(ForkedBooter.java:507)
	at org.apache.maven.surefire.booter.ForkedBooter.main(ForkedBooter.java:495)
]]></failure>
  </testcase>
</testsuite>